Build started 9/18/2013 7:17:07 PM.
     1>Project "D:\Documents\Research\Project\130729SISRBenchmark\Code\Lib\ann_1.1.1\MS_Win32\sample\sample.vcxproj" on node 2 (build target(s)).
     1>InitializeBuildStatus:
         Touching "D:\Documents\Research\Project\130729SISRBenchmark\Code\Lib\ann_1.1.1\MS_Win32\sample\Release\sample.unsuccessfulbuild".
       ClCompile:
         C:\Program Files (x86)\Microsoft Visual Studio 10.0\VC\bin\CL.exe /c /I..\..\include /Zi /nologo /W3 /WX- /O2 /Ob1 /Oy- /D WIN32 /D NDEBUG /D _CONSOLE /D ANN_NO_RANDOM /D _CRT_SECURE_NO_DEPRECATE /D _VC80_UPGRADE=0x0710 /D _MBCS /D _AFXDLL /GF /Gm- /EHsc /MT /GS /Gy /fp:precise /Zc:wchar_t /Zc:forScope /Fo".\Release/" /Fd".\Release/vc100.pdb" /Gd /TP /analyze- /errorReport:prompt ..\..\sample\ann_sample.cpp
         ann_sample.cpp
     1>C:\Program Files (x86)\MSBuild\Microsoft.Cpp\v4.0\Microsoft.CppBuild.targets(990,5): warning MSB8012: TargetPath(D:\Documents\Research\Project\130729SISRBenchmark\Code\Lib\ann_1.1.1\MS_Win32\sample\Release\sample.exe) does not match the Linker's OutputFile property value (D:\Documents\Research\Project\130729SISRBenchmark\Code\Lib\ann_1.1.1\MS_Win32\bin\ann_sample.exe). This may cause your project to build incorrectly. To correct this, please make sure that $(OutDir), $(TargetName) and $(TargetExt) property values match the value specified in %(Link.OutputFile).
     1>C:\Program Files (x86)\MSBuild\Microsoft.Cpp\v4.0\Microsoft.CppBuild.targets(992,5): warning MSB8012: TargetName(sample) does not match the Linker's OutputFile property value (ann_sample). This may cause your project to build incorrectly. To correct this, please make sure that $(OutDir), $(TargetName) and $(TargetExt) property values match the value specified in %(Link.OutputFile).
       Link:
         C:\Program Files (x86)\Microsoft Visual Studio 10.0\VC\bin\link.exe /ERRORREPORT:PROMPT /OUT:"D:\Documents\Research\Project\130729SISRBenchmark\Code\Lib\ann_1.1.1\MS_Win32\bin\ann_sample.exe" /INCREMENTAL:NO /NOLOGO kernel32.lib user32.lib gdi32.lib winspool.lib comdlg32.lib advapi32.lib shell32.lib ole32.lib oleaut32.lib uuid.lib odbc32.lib odbccp32.lib /MANIFEST /ManifestFile:"D:\Documents\Research\Project\130729SISRBenchmark\Code\Lib\ann_1.1.1\MS_Win32\sample\Release\sample.exe.intermediate.manifest" /MANIFESTUAC:"level='asInvoker' uiAccess='false'" /PDB:".\Release/sample.pdb" /SUBSYSTEM:CONSOLE /TLBID:1 /DYNAMICBASE:NO /IMPLIB:"D:\Documents\Research\Project\130729SISRBenchmark\Code\Lib\ann_1.1.1\MS_Win32\sample\Release\sample.lib" /MACHINE:X86 .\Release/ann_sample.obj
         D:\Documents\Research\Project\130729SISRBenchmark\Code\Lib\ann_1.1.1\MS_Win32\dll\Release\ANN.lib
         sample.vcxproj -> D:\Documents\Research\Project\130729SISRBenchmark\Code\Lib\ann_1.1.1\MS_Win32\sample\Release\sample.exe
       Manifest:
         c:\Program Files (x86)\Microsoft SDKs\Windows\v7.0A\bin\mt.exe /nologo /verbose /outputresource:"D:\Documents\Research\Project\130729SISRBenchmark\Code\Lib\ann_1.1.1\MS_Win32\bin\ann_sample.exe;#1" /manifest D:\Documents\Research\Project\130729SISRBenchmark\Code\Lib\ann_1.1.1\MS_Win32\sample\Release\sample.exe.intermediate.manifest "C:\Program Files (x86)\Microsoft Visual Studio 10.0\VC\Include\Manifest\dpiaware.manifest"
       FinalizeBuildStatus:
         Deleting file "D:\Documents\Research\Project\130729SISRBenchmark\Code\Lib\ann_1.1.1\MS_Win32\sample\Release\sample.unsuccessfulbuild".
         Touching "D:\Documents\Research\Project\130729SISRBenchmark\Code\Lib\ann_1.1.1\MS_Win32\sample\Release\sample.lastbuildstate".
     1>Done Building Project "D:\Documents\Research\Project\130729SISRBenchmark\Code\Lib\ann_1.1.1\MS_Win32\sample\sample.vcxproj" (build target(s)).

Build succeeded.

Time Elapsed 00:00:10.18
